<?xml version="1.0" encoding="UTF-8"?>
<testsuite xmlns:xsi="http://www.w3.org/2001/XMLSchema-instance" xsi:noNamespaceSchemaLocation="https://maven.apache.org/surefire/maven-surefire-plugin/xsd/surefire-test-report.xsd" name="org.mlxc.auth.api.AppTest" time="0.042" tests="1" errors="0" skipped="0" failures="0">
  <properties>
    <property name="sun.desktop" value="windows"/>
    <property name="awt.toolkit" value="sun.awt.windows.WToolkit"/>
    <property name="file.encoding.pkg" value="sun.io"/>
    <property name="java.specification.version" value="1.8"/>
    <property name="sun.cpu.isalist" value="amd64"/>
    <property name="sun.jnu.encoding" value="GBK"/>
    <property name="java.class.path" value="D:\springdemo\mlxc-parent\mlxc-auth\mlxc-auth-api\target\test-classes;D:\springdemo\mlxc-parent\mlxc-auth\mlxc-auth-api\target\classes;D:\springdemo\mlxc-parent\mlxc-basic\target\mlxc-basic-0.0.1-SNAPSHOT.jar;D:\maven-repository\org\springframework\boot\spring-boot-starter-test\2.1.2.RELEASE\spring-boot-starter-test-2.1.2.RELEASE.jar;D:\maven-repository\org\springframework\boot\spring-boot-starter\2.1.2.RELEASE\spring-boot-starter-2.1.2.RELEASE.jar;D:\maven-repository\org\springframework\boot\spring-boot\2.1.2.RELEASE\spring-boot-2.1.2.RELEASE.jar;D:\maven-repository\org\springframework\boot\spring-boot-starter-logging\2.1.2.RELEASE\spring-boot-starter-logging-2.1.2.RELEASE.jar;D:\maven-repository\ch\qos\logback\logback-classic\1.2.3\logback-classic-1.2.3.jar;D:\maven-repository\ch\qos\logback\logback-core\1.2.3\logback-core-1.2.3.jar;D:\maven-repository\org\apache\logging\log4j\log4j-to-slf4j\2.11.1\log4j-to-slf4j-2.11.1.jar;D:\maven-repository\org\apache\logging\log4j\log4j-api\2.11.1\log4j-api-2.11.1.jar;D:\maven-repository\org\slf4j\jul-to-slf4j\1.7.25\jul-to-slf4j-1.7.25.jar;D:\maven-repository\javax\annotation\javax.annotation-api\1.3.2\javax.annotation-api-1.3.2.jar;D:\maven-repository\org\yaml\snakeyaml\1.23\snakeyaml-1.23.jar;D:\maven-repository\org\springframework\boot\spring-boot-test\2.1.2.RELEASE\spring-boot-test-2.1.2.RELEASE.jar;D:\maven-repository\org\springframework\boot\spring-boot-test-autoconfigure\2.1.2.RELEASE\spring-boot-test-autoconfigure-2.1.2.RELEASE.jar;D:\maven-repository\com\jayway\jsonpath\json-path\2.4.0\json-path-2.4.0.jar;D:\maven-repository\net\minidev\json-smart\2.3\json-smart-2.3.jar;D:\maven-repository\net\minidev\accessors-smart\1.2\accessors-smart-1.2.jar;D:\maven-repository\org\ow2\asm\asm\5.0.4\asm-5.0.4.jar;D:\maven-repository\junit\junit\4.12\junit-4.12.jar;D:\maven-repository\org\assertj\assertj-core\3.11.1\assertj-core-3.11.1.jar;D:\maven-repository\org\mockito\mockito-core\2.23.4\mockito-core-2.23.4.jar;D:\maven-repository\net\bytebuddy\byte-buddy\1.9.7\byte-buddy-1.9.7.jar;D:\maven-repository\net\bytebuddy\byte-buddy-agent\1.9.7\byte-buddy-agent-1.9.7.jar;D:\maven-repository\org\objenesis\objenesis\2.6\objenesis-2.6.jar;D:\maven-repository\org\hamcrest\hamcrest-core\1.3\hamcrest-core-1.3.jar;D:\maven-repository\org\hamcrest\hamcrest-library\1.3\hamcrest-library-1.3.jar;D:\maven-repository\org\skyscreamer\jsonassert\1.5.0\jsonassert-1.5.0.jar;D:\maven-repository\com\vaadin\external\google\android-json\0.0.20131108.vaadin1\android-json-0.0.20131108.vaadin1.jar;D:\maven-repository\org\springframework\spring-core\5.1.4.RELEASE\spring-core-5.1.4.RELEASE.jar;D:\maven-repository\org\springframework\spring-jcl\5.1.4.RELEASE\spring-jcl-5.1.4.RELEASE.jar;D:\maven-repository\org\springframework\spring-test\5.1.4.RELEASE\spring-test-5.1.4.RELEASE.jar;D:\maven-repository\org\xmlunit\xmlunit-core\2.6.2\xmlunit-core-2.6.2.jar;D:\maven-repository\org\springframework\boot\spring-boot-starter-web\2.1.2.RELEASE\spring-boot-starter-web-2.1.2.RELEASE.jar;D:\maven-repository\org\springframework\boot\spring-boot-starter-json\2.1.2.RELEASE\spring-boot-starter-json-2.1.2.RELEASE.jar;D:\maven-repository\com\fasterxml\jackson\core\jackson-databind\2.9.8\jackson-databind-2.9.8.jar;D:\maven-repository\com\fasterxml\jackson\core\jackson-annotations\2.9.0\jackson-annotations-2.9.0.jar;D:\maven-repository\com\fasterxml\jackson\core\jackson-core\2.9.8\jackson-core-2.9.8.jar;D:\maven-repository\com\fasterxml\jackson\datatype\jackson-datatype-jdk8\2.9.8\jackson-datatype-jdk8-2.9.8.jar;D:\maven-repository\com\fasterxml\jackson\datatype\jackson-datatype-jsr310\2.9.8\jackson-datatype-jsr310-2.9.8.jar;D:\maven-repository\com\fasterxml\jackson\module\jackson-module-parameter-names\2.9.8\jackson-module-parameter-names-2.9.8.jar;D:\maven-repository\org\springframework\boot\spring-boot-starter-tomcat\2.1.2.RELEASE\spring-boot-starter-tomcat-2.1.2.RELEASE.jar;D:\maven-repository\org\apache\tomcat\embed\tomcat-embed-core\9.0.14\tomcat-embed-core-9.0.14.jar;D:\maven-repository\org\apache\tomcat\embed\tomcat-embed-el\9.0.14\tomcat-embed-el-9.0.14.jar;D:\maven-repository\org\apache\tomcat\embed\tomcat-embed-websocket\9.0.14\tomcat-embed-websocket-9.0.14.jar;D:\maven-repository\org\hibernate\validator\hibernate-validator\6.0.14.Final\hibernate-validator-6.0.14.Final.jar;D:\maven-repository\javax\validation\validation-api\2.0.1.Final\validation-api-2.0.1.Final.jar;D:\maven-repository\org\jboss\logging\jboss-logging\3.3.2.Final\jboss-logging-3.3.2.Final.jar;D:\maven-repository\com\fasterxml\classmate\1.4.0\classmate-1.4.0.jar;D:\maven-repository\org\springframework\spring-web\5.1.4.RELEASE\spring-web-5.1.4.RELEASE.jar;D:\maven-repository\org\springframework\spring-beans\5.1.4.RELEASE\spring-beans-5.1.4.RELEASE.jar;D:\maven-repository\org\springframework\spring-webmvc\5.1.4.RELEASE\spring-webmvc-5.1.4.RELEASE.jar;D:\maven-repository\org\springframework\spring-aop\5.1.4.RELEASE\spring-aop-5.1.4.RELEASE.jar;D:\maven-repository\org\springframework\spring-context\5.1.4.RELEASE\spring-context-5.1.4.RELEASE.jar;D:\maven-repository\org\springframework\spring-expression\5.1.4.RELEASE\spring-expression-5.1.4.RELEASE.jar;D:\maven-repository\com\alibaba\fastjson\1.2.54\fastjson-1.2.54.jar;D:\maven-repository\org\mybatis\spring\boot\mybatis-spring-boot-starter\1.3.2\mybatis-spring-boot-starter-1.3.2.jar;D:\maven-repository\org\mybatis\spring\boot\mybatis-spring-boot-autoconfigure\1.3.2\mybatis-spring-boot-autoconfigure-1.3.2.jar;D:\maven-repository\org\mybatis\mybatis\3.4.6\mybatis-3.4.6.jar;D:\maven-repository\org\mybatis\mybatis-spring\1.3.2\mybatis-spring-1.3.2.jar;D:\maven-repository\mysql\mysql-connector-java\8.0.13\mysql-connector-java-8.0.13.jar;D:\maven-repository\org\springframework\boot\spring-boot-starter-jdbc\2.1.2.RELEASE\spring-boot-starter-jdbc-2.1.2.RELEASE.jar;D:\maven-repository\com\zaxxer\HikariCP\3.2.0\HikariCP-3.2.0.jar;D:\maven-repository\org\springframework\spring-jdbc\5.1.4.RELEASE\spring-jdbc-5.1.4.RELEASE.jar;D:\maven-repository\org\springframework\spring-tx\5.1.4.RELEASE\spring-tx-5.1.4.RELEASE.jar;D:\maven-repository\org\projectlombok\lombok\1.18.4\lombok-1.18.4.jar;D:\maven-repository\log4j\log4j\1.2.17\log4j-1.2.17.jar;D:\maven-repository\org\mapstruct\mapstruct-jdk8\1.2.0.Final\mapstruct-jdk8-1.2.0.Final.jar;D:\maven-repository\org\mapstruct\mapstruct-processor\1.2.0.Final\mapstruct-processor-1.2.0.Final.jar;D:\maven-repository\com\github\pagehelper\pagehelper-spring-boot-starter\1.2.10\pagehelper-spring-boot-starter-1.2.10.jar;D:\maven-repository\com\github\pagehelper\pagehelper-spring-boot-autoconfigure\1.2.10\pagehelper-spring-boot-autoconfigure-1.2.10.jar;D:\maven-repository\com\github\pagehelper\pagehelper\5.1.8\pagehelper-5.1.8.jar;D:\maven-repository\com\github\jsqlparser\jsqlparser\1.2\jsqlparser-1.2.jar;D:\maven-repository\com\alibaba\druid-spring-boot-starter\1.1.10\druid-spring-boot-starter-1.1.10.jar;D:\maven-repository\org\slf4j\slf4j-api\1.7.25\slf4j-api-1.7.25.jar;D:\maven-repository\org\springframework\boot\spring-boot-autoconfigure\2.1.2.RELEASE\spring-boot-autoconfigure-2.1.2.RELEASE.jar;D:\maven-repository\com\alibaba\druid\1.1.12\druid-1.1.12.jar;D:\maven-repository\redis\clients\jedis\2.9.1\jedis-2.9.1.jar;D:\maven-repository\org\apache\commons\commons-pool2\2.6.0\commons-pool2-2.6.0.jar;D:\maven-repository\org\springframework\boot\spring-boot-starter-data-redis\2.1.2.RELEASE\spring-boot-starter-data-redis-2.1.2.RELEASE.jar;D:\maven-repository\org\springframework\data\spring-data-redis\2.1.4.RELEASE\spring-data-redis-2.1.4.RELEASE.jar;D:\maven-repository\org\springframework\data\spring-data-keyvalue\2.1.4.RELEASE\spring-data-keyvalue-2.1.4.RELEASE.jar;D:\maven-repository\org\springframework\data\spring-data-commons\2.1.4.RELEASE\spring-data-commons-2.1.4.RELEASE.jar;D:\maven-repository\org\springframework\spring-oxm\5.1.4.RELEASE\spring-oxm-5.1.4.RELEASE.jar;D:\maven-repository\org\springframework\spring-context-support\5.1.4.RELEASE\spring-context-support-5.1.4.RELEASE.jar;"/>
    <property name="java.vm.vendor" value="Oracle Corporation"/>
    <property name="sun.arch.data.model" value="64"/>
    <property name="user.variant" value=""/>
    <property name="java.vendor.url" value="http://java.oracle.com/"/>
    <property name="user.timezone" value="Asia/Shanghai"/>
    <property name="java.vm.specification.version" value="1.8"/>
    <property name="os.name" value="Windows 7"/>
    <property name="user.country" value="CN"/>
    <property name="sun.java.launcher" value="SUN_STANDARD"/>
    <property name="sun.boot.library.path" value="C:\ThsSoftware\JDK8u144x64_ths\jdk\jre\bin"/>
    <property name="sun.java.command" value="C:\Users\VIRUSE~1.V-D\AppData\Local\Temp\surefire2800663242768257354\surefirebooter5183869429136365451.jar C:\Users\viruser.v-desktop\AppData\Local\Temp\surefire2800663242768257354 2019-02-25T15-02-25_774-jvmRun1 surefire3635764773116828258tmp surefire_14667461269089950301tmp"/>
    <property name="surefire.test.class.path" value="D:\springdemo\mlxc-parent\mlxc-auth\mlxc-auth-api\target\test-classes;D:\springdemo\mlxc-parent\mlxc-auth\mlxc-auth-api\target\classes;D:\springdemo\mlxc-parent\mlxc-basic\target\mlxc-basic-0.0.1-SNAPSHOT.jar;D:\maven-repository\org\springframework\boot\spring-boot-starter-test\2.1.2.RELEASE\spring-boot-starter-test-2.1.2.RELEASE.jar;D:\maven-repository\org\springframework\boot\spring-boot-starter\2.1.2.RELEASE\spring-boot-starter-2.1.2.RELEASE.jar;D:\maven-repository\org\springframework\boot\spring-boot\2.1.2.RELEASE\spring-boot-2.1.2.RELEASE.jar;D:\maven-repository\org\springframework\boot\spring-boot-starter-logging\2.1.2.RELEASE\spring-boot-starter-logging-2.1.2.RELEASE.jar;D:\maven-repository\ch\qos\logback\logback-classic\1.2.3\logback-classic-1.2.3.jar;D:\maven-repository\ch\qos\logback\logback-core\1.2.3\logback-core-1.2.3.jar;D:\maven-repository\org\apache\logging\log4j\log4j-to-slf4j\2.11.1\log4j-to-slf4j-2.11.1.jar;D:\maven-repository\org\apache\logging\log4j\log4j-api\2.11.1\log4j-api-2.11.1.jar;D:\maven-repository\org\slf4j\jul-to-slf4j\1.7.25\jul-to-slf4j-1.7.25.jar;D:\maven-repository\javax\annotation\javax.annotation-api\1.3.2\javax.annotation-api-1.3.2.jar;D:\maven-repository\org\yaml\snakeyaml\1.23\snakeyaml-1.23.jar;D:\maven-repository\org\springframework\boot\spring-boot-test\2.1.2.RELEASE\spring-boot-test-2.1.2.RELEASE.jar;D:\maven-repository\org\springframework\boot\spring-boot-test-autoconfigure\2.1.2.RELEASE\spring-boot-test-autoconfigure-2.1.2.RELEASE.jar;D:\maven-repository\com\jayway\jsonpath\json-path\2.4.0\json-path-2.4.0.jar;D:\maven-repository\net\minidev\json-smart\2.3\json-smart-2.3.jar;D:\maven-repository\net\minidev\accessors-smart\1.2\accessors-smart-1.2.jar;D:\maven-repository\org\ow2\asm\asm\5.0.4\asm-5.0.4.jar;D:\maven-repository\junit\junit\4.12\junit-4.12.jar;D:\maven-repository\org\assertj\assertj-core\3.11.1\assertj-core-3.11.1.jar;D:\maven-repository\org\mockito\mockito-core\2.23.4\mockito-core-2.23.4.jar;D:\maven-repository\net\bytebuddy\byte-buddy\1.9.7\byte-buddy-1.9.7.jar;D:\maven-repository\net\bytebuddy\byte-buddy-agent\1.9.7\byte-buddy-agent-1.9.7.jar;D:\maven-repository\org\objenesis\objenesis\2.6\objenesis-2.6.jar;D:\maven-repository\org\hamcrest\hamcrest-core\1.3\hamcrest-core-1.3.jar;D:\maven-repository\org\hamcrest\hamcrest-library\1.3\hamcrest-library-1.3.jar;D:\maven-repository\org\skyscreamer\jsonassert\1.5.0\jsonassert-1.5.0.jar;D:\maven-repository\com\vaadin\external\google\android-json\0.0.20131108.vaadin1\android-json-0.0.20131108.vaadin1.jar;D:\maven-repository\org\springframework\spring-core\5.1.4.RELEASE\spring-core-5.1.4.RELEASE.jar;D:\maven-repository\org\springframework\spring-jcl\5.1.4.RELEASE\spring-jcl-5.1.4.RELEASE.jar;D:\maven-repository\org\springframework\spring-test\5.1.4.RELEASE\spring-test-5.1.4.RELEASE.jar;D:\maven-repository\org\xmlunit\xmlunit-core\2.6.2\xmlunit-core-2.6.2.jar;D:\maven-repository\org\springframework\boot\spring-boot-starter-web\2.1.2.RELEASE\spring-boot-starter-web-2.1.2.RELEASE.jar;D:\maven-repository\org\springframework\boot\spring-boot-starter-json\2.1.2.RELEASE\spring-boot-starter-json-2.1.2.RELEASE.jar;D:\maven-repository\com\fasterxml\jackson\core\jackson-databind\2.9.8\jackson-databind-2.9.8.jar;D:\maven-repository\com\fasterxml\jackson\core\jackson-annotations\2.9.0\jackson-annotations-2.9.0.jar;D:\maven-repository\com\fasterxml\jackson\core\jackson-core\2.9.8\jackson-core-2.9.8.jar;D:\maven-repository\com\fasterxml\jackson\datatype\jackson-datatype-jdk8\2.9.8\jackson-datatype-jdk8-2.9.8.jar;D:\maven-repository\com\fasterxml\jackson\datatype\jackson-datatype-jsr310\2.9.8\jackson-datatype-jsr310-2.9.8.jar;D:\maven-repository\com\fasterxml\jackson\module\jackson-module-parameter-names\2.9.8\jackson-module-parameter-names-2.9.8.jar;D:\maven-repository\org\springframework\boot\spring-boot-starter-tomcat\2.1.2.RELEASE\spring-boot-starter-tomcat-2.1.2.RELEASE.jar;D:\maven-repository\org\apache\tomcat\embed\tomcat-embed-core\9.0.14\tomcat-embed-core-9.0.14.jar;D:\maven-repository\org\apache\tomcat\embed\tomcat-embed-el\9.0.14\tomcat-embed-el-9.0.14.jar;D:\maven-repository\org\apache\tomcat\embed\tomcat-embed-websocket\9.0.14\tomcat-embed-websocket-9.0.14.jar;D:\maven-repository\org\hibernate\validator\hibernate-validator\6.0.14.Final\hibernate-validator-6.0.14.Final.jar;D:\maven-repository\javax\validation\validation-api\2.0.1.Final\validation-api-2.0.1.Final.jar;D:\maven-repository\org\jboss\logging\jboss-logging\3.3.2.Final\jboss-logging-3.3.2.Final.jar;D:\maven-repository\com\fasterxml\classmate\1.4.0\classmate-1.4.0.jar;D:\maven-repository\org\springframework\spring-web\5.1.4.RELEASE\spring-web-5.1.4.RELEASE.jar;D:\maven-repository\org\springframework\spring-beans\5.1.4.RELEASE\spring-beans-5.1.4.RELEASE.jar;D:\maven-repository\org\springframework\spring-webmvc\5.1.4.RELEASE\spring-webmvc-5.1.4.RELEASE.jar;D:\maven-repository\org\springframework\spring-aop\5.1.4.RELEASE\spring-aop-5.1.4.RELEASE.jar;D:\maven-repository\org\springframework\spring-context\5.1.4.RELEASE\spring-context-5.1.4.RELEASE.jar;D:\maven-repository\org\springframework\spring-expression\5.1.4.RELEASE\spring-expression-5.1.4.RELEASE.jar;D:\maven-repository\com\alibaba\fastjson\1.2.54\fastjson-1.2.54.jar;D:\maven-repository\org\mybatis\spring\boot\mybatis-spring-boot-starter\1.3.2\mybatis-spring-boot-starter-1.3.2.jar;D:\maven-repository\org\mybatis\spring\boot\mybatis-spring-boot-autoconfigure\1.3.2\mybatis-spring-boot-autoconfigure-1.3.2.jar;D:\maven-repository\org\mybatis\mybatis\3.4.6\mybatis-3.4.6.jar;D:\maven-repository\org\mybatis\mybatis-spring\1.3.2\mybatis-spring-1.3.2.jar;D:\maven-repository\mysql\mysql-connector-java\8.0.13\mysql-connector-java-8.0.13.jar;D:\maven-repository\org\springframework\boot\spring-boot-starter-jdbc\2.1.2.RELEASE\spring-boot-starter-jdbc-2.1.2.RELEASE.jar;D:\maven-repository\com\zaxxer\HikariCP\3.2.0\HikariCP-3.2.0.jar;D:\maven-repository\org\springframework\spring-jdbc\5.1.4.RELEASE\spring-jdbc-5.1.4.RELEASE.jar;D:\maven-repository\org\springframework\spring-tx\5.1.4.RELEASE\spring-tx-5.1.4.RELEASE.jar;D:\maven-repository\org\projectlombok\lombok\1.18.4\lombok-1.18.4.jar;D:\maven-repository\log4j\log4j\1.2.17\log4j-1.2.17.jar;D:\maven-repository\org\mapstruct\mapstruct-jdk8\1.2.0.Final\mapstruct-jdk8-1.2.0.Final.jar;D:\maven-repository\org\mapstruct\mapstruct-processor\1.2.0.Final\mapstruct-processor-1.2.0.Final.jar;D:\maven-repository\com\github\pagehelper\pagehelper-spring-boot-starter\1.2.10\pagehelper-spring-boot-starter-1.2.10.jar;D:\maven-repository\com\github\pagehelper\pagehelper-spring-boot-autoconfigure\1.2.10\pagehelper-spring-boot-autoconfigure-1.2.10.jar;D:\maven-repository\com\github\pagehelper\pagehelper\5.1.8\pagehelper-5.1.8.jar;D:\maven-repository\com\github\jsqlparser\jsqlparser\1.2\jsqlparser-1.2.jar;D:\maven-repository\com\alibaba\druid-spring-boot-starter\1.1.10\druid-spring-boot-starter-1.1.10.jar;D:\maven-repository\org\slf4j\slf4j-api\1.7.25\slf4j-api-1.7.25.jar;D:\maven-repository\org\springframework\boot\spring-boot-autoconfigure\2.1.2.RELEASE\spring-boot-autoconfigure-2.1.2.RELEASE.jar;D:\maven-repository\com\alibaba\druid\1.1.12\druid-1.1.12.jar;D:\maven-repository\redis\clients\jedis\2.9.1\jedis-2.9.1.jar;D:\maven-repository\org\apache\commons\commons-pool2\2.6.0\commons-pool2-2.6.0.jar;D:\maven-repository\org\springframework\boot\spring-boot-starter-data-redis\2.1.2.RELEASE\spring-boot-starter-data-redis-2.1.2.RELEASE.jar;D:\maven-repository\org\springframework\data\spring-data-redis\2.1.4.RELEASE\spring-data-redis-2.1.4.RELEASE.jar;D:\maven-repository\org\springframework\data\spring-data-keyvalue\2.1.4.RELEASE\spring-data-keyvalue-2.1.4.RELEASE.jar;D:\maven-repository\org\springframework\data\spring-data-commons\2.1.4.RELEASE\spring-data-commons-2.1.4.RELEASE.jar;D:\maven-repository\org\springframework\spring-oxm\5.1.4.RELEASE\spring-oxm-5.1.4.RELEASE.jar;D:\maven-repository\org\springframework\spring-context-support\5.1.4.RELEASE\spring-context-support-5.1.4.RELEASE.jar;"/>
    <property name="sun.cpu.endian" value="little"/>
    <property name="user.home" value="C:\Users\viruser.v-desktop"/>
    <property name="user.language" value="zh"/>
    <property name="java.specification.vendor" value="Oracle Corporation"/>
    <property name="java.home" value="C:\ThsSoftware\JDK8u144x64_ths\jdk\jre"/>
    <property name="basedir" value="D:\springdemo\mlxc-parent\mlxc-auth\mlxc-auth-api"/>
    <property name="file.separator" value="\"/>
    <property name="line.separator" value="&#10;"/>
    <property name="java.vm.specification.vendor" value="Oracle Corporation"/>
    <property name="java.specification.name" value="Java Platform API Specification"/>
    <property name="java.awt.graphicsenv" value="sun.awt.Win32GraphicsEnvironment"/>
    <property name="surefire.real.class.path" value="C:\Users\VIRUSE~1.V-D\AppData\Local\Temp\surefire2800663242768257354\surefirebooter5183869429136365451.jar"/>
    <property name="sun.boot.class.path" value="C:\ThsSoftware\JDK8u144x64_ths\jdk\jre\lib\resources.jar;C:\ThsSoftware\JDK8u144x64_ths\jdk\jre\lib\rt.jar;C:\ThsSoftware\JDK8u144x64_ths\jdk\jre\lib\sunrsasign.jar;C:\ThsSoftware\JDK8u144x64_ths\jdk\jre\lib\jsse.jar;C:\ThsSoftware\JDK8u144x64_ths\jdk\jre\lib\jce.jar;C:\ThsSoftware\JDK8u144x64_ths\jdk\jre\lib\charsets.jar;C:\ThsSoftware\JDK8u144x64_ths\jdk\jre\lib\jfr.jar;C:\ThsSoftware\JDK8u144x64_ths\jdk\jre\classes"/>
    <property name="user.script" value=""/>
    <property name="sun.management.compiler" value="HotSpot 64-Bit Tiered Compilers"/>
    <property name="java.runtime.version" value="1.8.0_144-b01"/>
    <property name="user.name" value="viruser"/>
    <property name="path.separator" value=";"/>
    <property name="os.version" value="6.1"/>
    <property name="java.endorsed.dirs" value="C:\ThsSoftware\JDK8u144x64_ths\jdk\jre\lib\endorsed"/>
    <property name="java.runtime.name" value="Java(TM) SE Runtime Environment"/>
    <property name="file.encoding" value="GBK"/>
    <property name="java.vm.name" value="Java HotSpot(TM) 64-Bit Server VM"/>
    <property name="localRepository" value="D:\maven-repository"/>
    <property name="java.vendor.url.bug" value="http://bugreport.sun.com/bugreport/"/>
    <property name="java.io.tmpdir" value="C:\Users\VIRUSE~1.V-D\AppData\Local\Temp\"/>
    <property name="java.version" value="1.8.0_144"/>
    <property name="user.dir" value="D:\springdemo\mlxc-parent\mlxc-auth\mlxc-auth-api"/>
    <property name="os.arch" value="amd64"/>
    <property name="java.vm.specification.name" value="Java Virtual Machine Specification"/>
    <property name="java.awt.printerjob" value="sun.awt.windows.WPrinterJob"/>
    <property name="sun.os.patch.level" value="Service Pack 1"/>
    <property name="java.library.path" value="C:\ThsSoftware\JDK8u144x64_ths\jdk\jre\bin;C:\Windows\Sun\Java\bin;C:\Windows\system32;C:\Windows;C:/ThsSoftware/JDK8u144x64_ths/jre/bin/server;C:/ThsSoftware/JDK8u144x64_ths/jre/bin;C:/ThsSoftware/JDK8u144x64_ths/jre/lib/amd64;C:\ProgramData\Oracle\Java\javapath;C:\Windows\system32;C:\Windows;C:\Windows\System32\Wbem;C:\Windows\System32\WindowsPowerShell\v1.0\;C:\Program Files\Anaconda3;C:\Program Files\Anaconda3\Scripts;C:\Program Files\Anaconda3\Library\bin;C:\Program Files\Anaconda2;C:\Program Files\Anaconda2\Scripts;C:\Program Files\Anaconda2\Library\bin;C:\ThsSoftware\TortoiseSVN_ths\bin;C:\ThsSoftware\Git\Git\cmd;C:\ThsSoftware\JDK8u144x64_ths\jdk\bin;C:\ThsSoftware\apache-maven-3.6.0-bin\apache-maven-3.6.0\bin\;C:\ThsSoftware\tomcat\apache-tomcat-8.5.35\bin;C:\ThsSoftware\tomcat\apache-tomcat-8.5.35\lib;C:\ThsSoftware\nodejs8_ths;;C:\ThsSoftware\Microsoft VS Code\bin;C:\Users\viruser.v-desktop\Desktop;;."/>
    <property name="java.vm.info" value="mixed mode"/>
    <property name="java.vendor" value="Oracle Corporation"/>
    <property name="java.vm.version" value="25.144-b01"/>
    <property name="java.ext.dirs" value="C:\ThsSoftware\JDK8u144x64_ths\jdk\jre\lib\ext;C:\Windows\Sun\Java\lib\ext"/>
    <property name="sun.io.unicode.encoding" value="UnicodeLittle"/>
    <property name="java.class.version" value="52.0"/>
  </properties>
  <testcase name="testApp" classname="org.mlxc.auth.api.AppTest" time="0.001"/>
</testsuite>